execve("./ten_malloc", ["./ten_malloc", "1000000"], 0xbe81f684 /* 25 vars */) = 0
brk(NULL)                               = 0x1673000
mmap2(NULL, 8192, PROT_READ|PROT_WRITE, MAP_PRIVATE|MAP_ANONYMOUS, -1, 0) = 0xb6eff000
access("/etc/ld.so.preload", R_OK)      = 0
openat(AT_FDCWD, "/etc/ld.so.preload", O_RDONLY|O_LARGEFILE|O_CLOEXEC) = 3
fstat64(3, {st_mode=S_IFREG|0644, st_size=54, ...}) = 0
mmap2(NULL, 54, PROT_READ|PROT_WRITE, MAP_PRIVATE, 3, 0) = 0xb6efe000
close(3)                                = 0
readlink("/proc/self/exe", "/home/pi/user_space/ten_malloc", 4096) = 30
openat(AT_FDCWD, "/usr/lib/arm-linux-gnueabihf/libarmmem-v7l.so", O_RDONLY|O_LARGEFILE|O_CLOEXEC) = 3
read(3, "\177ELF\1\1\1\0\0\0\0\0\0\0\0\0\3\0(\0\1\0\0\0\254\3\0\0004\0\0\0"..., 512) = 512
_llseek(3, 16748, [16748], SEEK_SET)    = 0
read(3, "\0\0\0\0\0\0\0\0\0\0\0\0\0\0\0\0\0\0\0\0\0\0\0\0\0\0\0\0\0\0\0\0"..., 960) = 960
_llseek(3, 16424, [16424], SEEK_SET)    = 0
read(3, "A,\0\0\0aeabi\0\1\"\0\0\0\0056\0\6\6\10\1\t\2\n\3\f\1\22\4\24"..., 45) = 45
_llseek(3, 16748, [16748], SEEK_SET)    = 0
read(3, "\0\0\0\0\0\0\0\0\0\0\0\0\0\0\0\0\0\0\0\0\0\0\0\0\0\0\0\0\0\0\0\0"..., 960) = 960
_llseek(3, 16424, [16424], SEEK_SET)    = 0
read(3, "A,\0\0\0aeabi\0\1\"\0\0\0\0056\0\6\6\10\1\t\2\n\3\f\1\22\4\24"..., 45) = 45
_llseek(3, 16748, [16748], SEEK_SET)    = 0
read(3, "\0\0\0\0\0\0\0\0\0\0\0\0\0\0\0\0\0\0\0\0\0\0\0\0\0\0\0\0\0\0\0\0"..., 960) = 960
_llseek(3, 16424, [16424], SEEK_SET)    = 0
read(3, "A,\0\0\0aeabi\0\1\"\0\0\0\0056\0\6\6\10\1\t\2\n\3\f\1\22\4\24"..., 45) = 45
_llseek(3, 16748, [16748], SEEK_SET)    = 0
read(3, "\0\0\0\0\0\0\0\0\0\0\0\0\0\0\0\0\0\0\0\0\0\0\0\0\0\0\0\0\0\0\0\0"..., 960) = 960
_llseek(3, 16424, [16424], SEEK_SET)    = 0
read(3, "A,\0\0\0aeabi\0\1\"\0\0\0\0056\0\6\6\10\1\t\2\n\3\f\1\22\4\24"..., 45) = 45
_llseek(3, 16748, [16748], SEEK_SET)    = 0
read(3, "\0\0\0\0\0\0\0\0\0\0\0\0\0\0\0\0\0\0\0\0\0\0\0\0\0\0\0\0\0\0\0\0"..., 960) = 960
_llseek(3, 16424, [16424], SEEK_SET)    = 0
read(3, "A,\0\0\0aeabi\0\1\"\0\0\0\0056\0\6\6\10\1\t\2\n\3\f\1\22\4\24"..., 45) = 45
_llseek(3, 16748, [16748], SEEK_SET)    = 0
read(3, "\0\0\0\0\0\0\0\0\0\0\0\0\0\0\0\0\0\0\0\0\0\0\0\0\0\0\0\0\0\0\0\0"..., 960) = 960
_llseek(3, 16424, [16424], SEEK_SET)    = 0
read(3, "A,\0\0\0aeabi\0\1\"\0\0\0\0056\0\6\6\10\1\t\2\n\3\f\1\22\4\24"..., 45) = 45
fstat64(3, {st_mode=S_IFREG|0644, st_size=17708, ...}) = 0
mmap2(NULL, 81964, PROT_READ|PROT_EXEC, MAP_PRIVATE|MAP_DENYWRITE, 3, 0) = 0xb6ebc000
mprotect(0xb6ec0000, 61440, PROT_NONE)  = 0
mmap2(0xb6ecf000, 8192, PROT_READ|PROT_WRITE, MAP_PRIVATE|MAP_FIXED|MAP_DENYWRITE, 3, 0x3000) = 0xb6ecf000
close(3)                                = 0
munmap(0xb6efe000, 54)                  = 0
openat(AT_FDCWD, "/etc/ld.so.cache", O_RDONLY|O_LARGEFILE|O_CLOEXEC) = 3
fstat64(3, {st_mode=S_IFREG|0644, st_size=78056, ...}) = 0
mmap2(NULL, 78056, PROT_READ, MAP_PRIVATE, 3, 0) = 0xb6ea8000
close(3)                                = 0
openat(AT_FDCWD, "/lib/arm-linux-gnueabihf/libc.so.6", O_RDONLY|O_LARGEFILE|O_CLOEXEC) = 3
read(3, "\177ELF\1\1\1\0\0\0\0\0\0\0\0\0\3\0(\0\1\0\0\0\300x\1\0004\0\0\0"..., 512) = 512
_llseek(3, 1293204, [1293204], SEEK_SET) = 0
read(3, "\0\0\0\0\0\0\0\0\0\0\0\0\0\0\0\0\0\0\0\0\0\0\0\0\0\0\0\0\0\0\0\0"..., 2800) = 2800
_llseek(3, 1289788, [1289788], SEEK_SET) = 0
read(3, "A.\0\0\0aeabi\0\1$\0\0\0\0056\0\6\6\10\1\t\1\n\2\22\4\23\1\24"..., 47) = 47
_llseek(3, 1293204, [1293204], SEEK_SET) = 0
read(3, "\0\0\0\0\0\0\0\0\0\0\0\0\0\0\0\0\0\0\0\0\0\0\0\0\0\0\0\0\0\0\0\0"..., 2800) = 2800
_llseek(3, 1289788, [1289788], SEEK_SET) = 0
read(3, "A.\0\0\0aeabi\0\1$\0\0\0\0056\0\6\6\10\1\t\1\n\2\22\4\23\1\24"..., 47) = 47
_llseek(3, 1293204, [1293204], SEEK_SET) = 0
read(3, "\0\0\0\0\0\0\0\0\0\0\0\0\0\0\0\0\0\0\0\0\0\0\0\0\0\0\0\0\0\0\0\0"..., 2800) = 2800
_llseek(3, 1289788, [1289788], SEEK_SET) = 0
read(3, "A.\0\0\0aeabi\0\1$\0\0\0\0056\0\6\6\10\1\t\1\n\2\22\4\23\1\24"..., 47) = 47
_llseek(3, 1293204, [1293204], SEEK_SET) = 0
read(3, "\0\0\0\0\0\0\0\0\0\0\0\0\0\0\0\0\0\0\0\0\0\0\0\0\0\0\0\0\0\0\0\0"..., 2800) = 2800
_llseek(3, 1289788, [1289788], SEEK_SET) = 0
read(3, "A.\0\0\0aeabi\0\1$\0\0\0\0056\0\6\6\10\1\t\1\n\2\22\4\23\1\24"..., 47) = 47
_llseek(3, 1293204, [1293204], SEEK_SET) = 0
read(3, "\0\0\0\0\0\0\0\0\0\0\0\0\0\0\0\0\0\0\0\0\0\0\0\0\0\0\0\0\0\0\0\0"..., 2800) = 2800
_llseek(3, 1289788, [1289788], SEEK_SET) = 0
read(3, "A.\0\0\0aeabi\0\1$\0\0\0\0056\0\6\6\10\1\t\1\n\2\22\4\23\1\24"..., 47) = 47
_llseek(3, 1293204, [1293204], SEEK_SET) = 0
read(3, "\0\0\0\0\0\0\0\0\0\0\0\0\0\0\0\0\0\0\0\0\0\0\0\0\0\0\0\0\0\0\0\0"..., 2800) = 2800
_llseek(3, 1289788, [1289788], SEEK_SET) = 0
read(3, "A.\0\0\0aeabi\0\1$\0\0\0\0056\0\6\6\10\1\t\1\n\2\22\4\23\1\24"..., 47) = 47
fstat64(3, {st_mode=S_IFREG|0755, st_size=1296004, ...}) = 0
mmap2(NULL, 1364764, PROT_READ|PROT_EXEC, MAP_PRIVATE|MAP_DENYWRITE, 3, 0) = 0xb6d5a000
mprotect(0xb6e92000, 65536, PROT_NONE)  = 0
mmap2(0xb6ea2000, 12288, PROT_READ|PROT_WRITE, MAP_PRIVATE|MAP_FIXED|MAP_DENYWRITE, 3, 0x138000) = 0xb6ea2000
mmap2(0xb6ea5000, 8988, PROT_READ|PROT_WRITE, MAP_PRIVATE|MAP_FIXED|MAP_ANONYMOUS, -1, 0) = 0xb6ea5000
close(3)                                = 0
set_tls(0xb6f00150)                     = 0
mprotect(0xb6ea2000, 8192, PROT_READ)   = 0
mprotect(0xb6ecf000, 4096, PROT_READ)   = 0
mprotect(0x20000, 4096, PROT_READ)      = 0
mprotect(0xb6f01000, 4096, PROT_READ)   = 0
munmap(0xb6ea8000, 78056)               = 0
brk(NULL)                               = 0x1673000
brk(0x1694000)                          = 0x1694000
mmap2(NULL, 1003520, PROT_READ|PROT_WRITE, MAP_PRIVATE|MAP_ANONYMOUS, -1, 0) = 0xb6c65000
mmap2(NULL, 1003520, PROT_READ|PROT_WRITE, MAP_PRIVATE|MAP_ANONYMOUS, -1, 0) = 0xb6b70000
mmap2(NULL, 1003520, PROT_READ|PROT_WRITE, MAP_PRIVATE|MAP_ANONYMOUS, -1, 0) = 0xb6a7b000
mmap2(NULL, 1003520, PROT_READ|PROT_WRITE, MAP_PRIVATE|MAP_ANONYMOUS, -1, 0) = 0xb6986000
mmap2(NULL, 1003520, PROT_READ|PROT_WRITE, MAP_PRIVATE|MAP_ANONYMOUS, -1, 0) = 0xb6891000
mmap2(NULL, 1003520, PROT_READ|PROT_WRITE, MAP_PRIVATE|MAP_ANONYMOUS, -1, 0) = 0xb679c000
mmap2(NULL, 1003520, PROT_READ|PROT_WRITE, MAP_PRIVATE|MAP_ANONYMOUS, -1, 0) = 0xb66a7000
mmap2(NULL, 1003520, PROT_READ|PROT_WRITE, MAP_PRIVATE|MAP_ANONYMOUS, -1, 0) = 0xb65b2000
mmap2(NULL, 1003520, PROT_READ|PROT_WRITE, MAP_PRIVATE|MAP_ANONYMOUS, -1, 0) = 0xb64bd000
mmap2(NULL, 1003520, PROT_READ|PROT_WRITE, MAP_PRIVATE|MAP_ANONYMOUS, -1, 0) = 0xb63c8000
munmap(0xb6c65000, 1003520)             = 0
munmap(0xb6b70000, 1003520)             = 0
munmap(0xb6a7b000, 1003520)             = 0
munmap(0xb6986000, 1003520)             = 0
munmap(0xb6891000, 1003520)             = 0
munmap(0xb679c000, 1003520)             = 0
munmap(0xb66a7000, 1003520)             = 0
munmap(0xb65b2000, 1003520)             = 0
munmap(0xb64bd000, 1003520)             = 0
munmap(0xb63c8000, 1003520)             = 0
exit_group(0)                           = ?
+++ exited with 0 +++
